<?xml version="1.0" encoding="UTF-8"?>
<testng-results skipped="0" failed="0" ignored="0" total="1" passed="1">
  <reporter-output>
  </reporter-output>
  <suite name="Default suite" duration-ms="25891" started-at="2019-12-10T16:53:19 IST" finished-at="2019-12-10T16:53:45 IST">
    <groups>
    </groups>
    <test name="Default test" duration-ms="25891" started-at="2019-12-10T16:53:19 IST" finished-at="2019-12-10T16:53:45 IST">
      <class name="errorScreenShots.ScreenshotOnFailure">
        <test-method status="PASS" signature="setUp()[pri:0, instance:errorScreenShots.ScreenshotOnFailure@2b2948e2]" name="setUp" is-config="true" duration-ms="14060" started-at="2019-12-10T16:53:19 IST" finished-at="2019-12-10T16:53:34 IST">
          <reporter-output>
          </reporter-output>
        </test-method> <!-- setUp -->
        <test-method status="PASS" signature="getScreenshot()[pri:0, instance:errorScreenShots.ScreenshotOnFailure@2b2948e2]" name="getScreenshot" duration-ms="10770" started-at="2019-12-10T16:53:34 IST" finished-at="2019-12-10T16:53:44 IST">
          <reporter-output>
          </reporter-output>
        </test-method> <!-- getScreenshot -->
        <test-method status="PASS" signature="tearDown()[pri:0, instance:errorScreenShots.ScreenshotOnFailure@2b2948e2]" name="tearDown" is-config="true" duration-ms="978" started-at="2019-12-10T16:53:44 IST" finished-at="2019-12-10T16:53:45 IST">
          <reporter-output>
          </reporter-output>
        </test-method> <!-- tearDown -->
      </class> <!-- errorScreenShots.ScreenshotOnFailure -->
    </test> <!-- Default test -->
  </suite> <!-- Default suite -->
</testng-results>
