<?xml version="1.0" encoding="UTF-8"?>
<testng-results skipped="0" failed="0" ignored="0" total="8" passed="8">
  <reporter-output>
    <line>
      <![CDATA[Clicked on Image Link]]>
    </line>
    <line>
      <![CDATA[Clicked on Image Link]]>
    </line>
  </reporter-output>
  <suite name="Suite" duration-ms="232018" started-at="2019-12-18T11:41:21Z" finished-at="2019-12-18T11:45:13Z">
    <groups>
    </groups>
    <test name="chromeTest" duration-ms="71167" started-at="2019-12-18T11:41:21Z" finished-at="2019-12-18T11:42:33Z">
      <class name="com.project.CBITMavenProject.CheckBox1">
        <test-method status="PASS" signature="beforeMethod(java.lang.String)[pri:0, instance:com.project.CBITMavenProject.CheckBox1@3911c2a7]" name="beforeMethod" is-config="true" duration-ms="18658" started-at="2019-12-18T17:11:21Z" finished-at="2019-12-18T17:11:40Z">
          <params>
            <param index="0">
              <value>
                <![CDATA[chrome]]>
              </value>
            </param>
          </params>
          <reporter-output>
          </reporter-output>
        </test-method> <!-- beforeMethod -->
        <test-method status="PASS" signature="checkboxTest()[pri:0, instance:com.project.CBITMavenProject.CheckBox1@3911c2a7]" name="checkboxTest" duration-ms="254" started-at="2019-12-18T17:11:40Z" finished-at="2019-12-18T17:11:40Z">
          <reporter-output>
          </reporter-output>
        </test-method> <!-- checkboxTest -->
        <test-method status="PASS" signature="afterMethod()[pri:0, instance:com.project.CBITMavenProject.CheckBox1@3911c2a7]" name="afterMethod" is-config="true" duration-ms="779" started-at="2019-12-18T17:11:40Z" finished-at="2019-12-18T17:11:41Z">
          <reporter-output>
          </reporter-output>
        </test-method> <!-- afterMethod -->
      </class> <!-- com.project.CBITMavenProject.CheckBox1 -->
      <class name="com.project.CBITMavenProject.LinksTesting1">
        <test-method status="PASS" signature="setup(java.lang.String)[pri:0, instance:com.project.CBITMavenProject.LinksTesting1@76508ed1]" name="setup" is-config="true" duration-ms="11075" started-at="2019-12-18T17:12:19Z" finished-at="2019-12-18T17:12:31Z">
          <params>
            <param index="0">
              <value>
                <![CDATA[chrome]]>
              </value>
            </param>
          </params>
          <reporter-output>
          </reporter-output>
        </test-method> <!-- setup -->
        <test-method status="PASS" signature="linktesting1()[pri:0, instance:com.project.CBITMavenProject.LinksTesting1@76508ed1]" name="linktesting1" duration-ms="1391" started-at="2019-12-18T17:12:31Z" finished-at="2019-12-18T17:12:32Z">
          <reporter-output>
            <line>
              <![CDATA[Clicked on Image Link]]>
            </line>
          </reporter-output>
        </test-method> <!-- linktesting1 -->
        <test-method status="PASS" signature="tearDown()[pri:0, instance:com.project.CBITMavenProject.LinksTesting1@76508ed1]" name="tearDown" is-config="true" duration-ms="674" started-at="2019-12-18T17:12:32Z" finished-at="2019-12-18T17:12:33Z">
          <reporter-output>
          </reporter-output>
        </test-method> <!-- tearDown -->
      </class> <!-- com.project.CBITMavenProject.LinksTesting1 -->
      <class name="com.project.CBITMavenProject.TC_006">
        <test-method status="PASS" signature="beforeMethod(java.lang.String)[pri:0, instance:com.project.CBITMavenProject.TC_006@4ac3c60d]" name="beforeMethod" is-config="true" duration-ms="15156" started-at="2019-12-18T17:11:41Z" finished-at="2019-12-18T17:11:56Z">
          <params>
            <param index="0">
              <value>
                <![CDATA[chrome]]>
              </value>
            </param>
          </params>
          <reporter-output>
          </reporter-output>
        </test-method> <!-- beforeMethod -->
        <test-method status="PASS" signature="amazon()[pri:0, instance:com.project.CBITMavenProject.TC_006@4ac3c60d]" name="amazon" duration-ms="4645" started-at="2019-12-18T17:11:56Z" finished-at="2019-12-18T17:12:01Z">
          <reporter-output>
          </reporter-output>
        </test-method> <!-- amazon -->
        <test-method status="PASS" signature="afterMethod()[pri:0, instance:com.project.CBITMavenProject.TC_006@4ac3c60d]" name="afterMethod" is-config="true" duration-ms="1533" started-at="2019-12-18T17:12:01Z" finished-at="2019-12-18T17:12:02Z">
          <reporter-output>
          </reporter-output>
        </test-method> <!-- afterMethod -->
      </class> <!-- com.project.CBITMavenProject.TC_006 -->
      <class name="com.project.CBITMavenProject.RadioButton1">
        <test-method status="PASS" signature="beforeMethod(java.lang.String)[pri:0, instance:com.project.CBITMavenProject.RadioButton1@4facf68f]" name="beforeMethod" is-config="true" duration-ms="16022" started-at="2019-12-18T17:12:02Z" finished-at="2019-12-18T17:12:19Z">
          <params>
            <param index="0">
              <value>
                <![CDATA[chrome]]>
              </value>
            </param>
          </params>
          <reporter-output>
          </reporter-output>
        </test-method> <!-- beforeMethod -->
        <test-method status="PASS" signature="checkboxTest()[pri:0, instance:com.project.CBITMavenProject.RadioButton1@4facf68f]" name="checkboxTest" duration-ms="196" started-at="2019-12-18T17:12:19Z" finished-at="2019-12-18T17:12:19Z">
          <reporter-output>
          </reporter-output>
        </test-method> <!-- checkboxTest -->
        <test-method status="PASS" signature="afterMethod()[pri:0, instance:com.project.CBITMavenProject.RadioButton1@4facf68f]" name="afterMethod" is-config="true" duration-ms="725" started-at="2019-12-18T17:12:19Z" finished-at="2019-12-18T17:12:19Z">
          <reporter-output>
          </reporter-output>
        </test-method> <!-- afterMethod -->
      </class> <!-- com.project.CBITMavenProject.RadioButton1 -->
    </test> <!-- chromeTest -->
    <test name="firefoxTest" duration-ms="160773" started-at="2019-12-18T11:42:33Z" finished-at="2019-12-18T11:45:13Z">
      <class name="com.project.CBITMavenProject.CheckBox1">
        <test-method status="PASS" signature="beforeMethod(java.lang.String)[pri:0, instance:com.project.CBITMavenProject.CheckBox1@3835c46]" name="beforeMethod" is-config="true" duration-ms="39300" started-at="2019-12-18T17:12:33Z" finished-at="2019-12-18T17:13:12Z">
          <params>
            <param index="0">
              <value>
                <![CDATA[firefox]]>
              </value>
            </param>
          </params>
          <reporter-output>
          </reporter-output>
        </test-method> <!-- beforeMethod -->
        <test-method status="PASS" signature="checkboxTest()[pri:0, instance:com.project.CBITMavenProject.CheckBox1@3835c46]" name="checkboxTest" duration-ms="630" started-at="2019-12-18T17:13:12Z" finished-at="2019-12-18T17:13:13Z">
          <reporter-output>
          </reporter-output>
        </test-method> <!-- checkboxTest -->
        <test-method status="PASS" signature="afterMethod()[pri:0, instance:com.project.CBITMavenProject.CheckBox1@3835c46]" name="afterMethod" is-config="true" duration-ms="3217" started-at="2019-12-18T17:13:13Z" finished-at="2019-12-18T17:13:16Z">
          <reporter-output>
          </reporter-output>
        </test-method> <!-- afterMethod -->
      </class> <!-- com.project.CBITMavenProject.CheckBox1 -->
      <class name="com.project.CBITMavenProject.LinksTesting1">
        <test-method status="PASS" signature="setup(java.lang.String)[pri:0, instance:com.project.CBITMavenProject.LinksTesting1@20ce78ec]" name="setup" is-config="true" duration-ms="30108" started-at="2019-12-18T17:14:40Z" finished-at="2019-12-18T17:15:10Z">
          <params>
            <param index="0">
              <value>
                <![CDATA[firefox]]>
              </value>
            </param>
          </params>
          <reporter-output>
          </reporter-output>
        </test-method> <!-- setup -->
        <test-method status="PASS" signature="linktesting1()[pri:0, instance:com.project.CBITMavenProject.LinksTesting1@20ce78ec]" name="linktesting1" duration-ms="901" started-at="2019-12-18T17:15:10Z" finished-at="2019-12-18T17:15:11Z">
          <reporter-output>
            <line>
              <![CDATA[Clicked on Image Link]]>
            </line>
          </reporter-output>
        </test-method> <!-- linktesting1 -->
        <test-method status="PASS" signature="tearDown()[pri:0, instance:com.project.CBITMavenProject.LinksTesting1@20ce78ec]" name="tearDown" is-config="true" duration-ms="2341" started-at="2019-12-18T17:15:11Z" finished-at="2019-12-18T17:15:13Z">
          <reporter-output>
          </reporter-output>
        </test-method> <!-- tearDown -->
      </class> <!-- com.project.CBITMavenProject.LinksTesting1 -->
      <class name="com.project.CBITMavenProject.TC_006">
        <test-method status="PASS" signature="beforeMethod(java.lang.String)[pri:0, instance:com.project.CBITMavenProject.TC_006@1dde4cb2]" name="beforeMethod" is-config="true" duration-ms="31546" started-at="2019-12-18T17:13:16Z" finished-at="2019-12-18T17:13:47Z">
          <params>
            <param index="0">
              <value>
                <![CDATA[firefox]]>
              </value>
            </param>
          </params>
          <reporter-output>
          </reporter-output>
        </test-method> <!-- beforeMethod -->
        <test-method status="PASS" signature="amazon()[pri:0, instance:com.project.CBITMavenProject.TC_006@1dde4cb2]" name="amazon" duration-ms="4489" started-at="2019-12-18T17:13:47Z" finished-at="2019-12-18T17:13:52Z">
          <reporter-output>
          </reporter-output>
        </test-method> <!-- amazon -->
        <test-method status="PASS" signature="afterMethod()[pri:0, instance:com.project.CBITMavenProject.TC_006@1dde4cb2]" name="afterMethod" is-config="true" duration-ms="5417" started-at="2019-12-18T17:13:52Z" finished-at="2019-12-18T17:13:57Z">
          <reporter-output>
          </reporter-output>
        </test-method> <!-- afterMethod -->
      </class> <!-- com.project.CBITMavenProject.TC_006 -->
      <class name="com.project.CBITMavenProject.RadioButton1">
        <test-method status="PASS" signature="beforeMethod(java.lang.String)[pri:0, instance:com.project.CBITMavenProject.RadioButton1@7714e963]" name="beforeMethod" is-config="true" duration-ms="39113" started-at="2019-12-18T17:13:57Z" finished-at="2019-12-18T17:14:36Z">
          <params>
            <param index="0">
              <value>
                <![CDATA[firefox]]>
              </value>
            </param>
          </params>
          <reporter-output>
          </reporter-output>
        </test-method> <!-- beforeMethod -->
        <test-method status="PASS" signature="checkboxTest()[pri:0, instance:com.project.CBITMavenProject.RadioButton1@7714e963]" name="checkboxTest" duration-ms="436" started-at="2019-12-18T17:14:36Z" finished-at="2019-12-18T17:14:37Z">
          <reporter-output>
          </reporter-output>
        </test-method> <!-- checkboxTest -->
        <test-method status="PASS" signature="afterMethod()[pri:0, instance:com.project.CBITMavenProject.RadioButton1@7714e963]" name="afterMethod" is-config="true" duration-ms="3263" started-at="2019-12-18T17:14:37Z" finished-at="2019-12-18T17:14:40Z">
          <reporter-output>
          </reporter-output>
        </test-method> <!-- afterMethod -->
      </class> <!-- com.project.CBITMavenProject.RadioButton1 -->
    </test> <!-- firefoxTest -->
  </suite> <!-- Suite -->
</testng-results>
