<?xml version="1.0" encoding="UTF-8"?>
<!-- Generated by org.testng.reporters.JUnitXMLReporter -->
<testsuite hostname="DESKTOP-27L8JE7" ignored="1" name="Default test" tests="2" failures="0" timestamp="17 Dec 2019 11:28:40 GMT" time="0.08" errors="0">
  <testcase name="z" time="0.012" classname="com.project.CBITMavenProject.TestNG_002"/>
  <testcase name="f" time="0.004" classname="com.project.CBITMavenProject.TestNG_002"/>
  <testcase name="apple" time="0.0" classname="com.project.CBITMavenProject.TestNG_002">
    <ignored/>
  </testcase> <!-- apple -->
</testsuite> <!-- Default test -->
