<?xml version="1.0" encoding="UTF-8"?>
<!-- Generated by org.testng.reporters.JUnitXMLReporter -->
<testsuite hostname="DESKTOP-27L8JE7" ignored="0" name="chromeTest" tests="4" failures="0" timestamp="18 Dec 2019 11:48:04 GMT" time="70.736" errors="0">
  <testcase name="checkboxTest" time="0.284" classname="com.project.CBITMavenProject.CheckBox1"/>
  <testcase name="amazon" time="4.699" classname="com.project.CBITMavenProject.TC_006"/>
  <testcase name="checkboxTest" time="0.184" classname="com.project.CBITMavenProject.RadioButton1"/>
  <testcase name="linktesting1" time="1.305" classname="com.project.CBITMavenProject.LinksTesting1"/>
</testsuite> <!-- chromeTest -->
