<?xml version="1.0" encoding="UTF-8"?>
<!-- Generated by org.testng.reporters.JUnitXMLReporter -->
<testsuite hostname="DESKTOP-27L8JE7" ignored="0" name="firefoxTest" tests="4" failures="0" timestamp="18 Dec 2019 11:45:14 GMT" time="160.773" errors="0">
  <testcase name="checkboxTest" time="0.63" classname="com.project.CBITMavenProject.CheckBox1"/>
  <testcase name="amazon" time="4.489" classname="com.project.CBITMavenProject.TC_006"/>
  <testcase name="checkboxTest" time="0.436" classname="com.project.CBITMavenProject.RadioButton1"/>
  <testcase name="linktesting1" time="0.901" classname="com.project.CBITMavenProject.LinksTesting1"/>
</testsuite> <!-- firefoxTest -->
