<?xml version="1.0" encoding="UTF-8"?>
<!-- Generated by org.testng.reporters.JUnitXMLReporter -->
<testsuite hostname="DESKTOP-27L8JE7" ignored="3" name="Test" tests="1" failures="0" timestamp="23 Dec 2019 11:30:06 GMT" time="14.065" errors="0">
  <testcase name="linktesting1" time="1.527" classname="com.project.CBITMavenProject.LinksTesting1"/>
  <testcase name="checkboxTest" time="0.0" classname="com.project.CBITMavenProject.CheckBox1">
    <ignored/>
  </testcase> <!-- checkboxTest -->
  <testcase name="checkboxTest" time="0.0" classname="com.project.CBITMavenProject.RadioButton1">
    <ignored/>
  </testcase> <!-- checkboxTest -->
  <testcase name="amazon" time="0.0" classname="com.project.CBITMavenProject.TC_006">
    <ignored/>
  </testcase> <!-- amazon -->
</testsuite> <!-- Test -->
