<?xml version="1.0" encoding="UTF-8"?>
<!-- Generated by org.testng.reporters.JUnitXMLReporter -->
<testsuite hostname="DESKTOP-27L8JE7" ignored="1" name="MyTest" tests="3" failures="0" timestamp="18 Dec 2019 11:07:57 GMT" time="0.091" errors="0">
  <testcase name="f" time="0.012" classname="com.project.CBITMavenProject.TestNG_001"/>
  <testcase name="z" time="0.003" classname="com.project.CBITMavenProject.TestNG_002"/>
  <testcase name="f" time="0.003" classname="com.project.CBITMavenProject.TestNG_002"/>
  <testcase name="apple" time="0.0" classname="com.project.CBITMavenProject.TestNG_002">
    <ignored/>
  </testcase> <!-- apple -->
</testsuite> <!-- MyTest -->
